<?xml version="1.0" encoding="UTF-8"?>
<!-- Generated by org.testng.reporters.JUnitReportReporter -->
<testsuite hostname="DESKTOP-MIE8JAS" failures="0" tests="2" name="com.telran.tests.elements.ButtonsTests" time="15.191" errors="0" timestamp="2022-11-07T11:32:08 CET" skipped="0">
  <testcase classname="com.telran.tests.elements.ButtonsTests" name="doubleClickTest" time="6.312"/>
  <system-out/>
  <testcase classname="com.telran.tests.elements.ButtonsTests" name="rightClickTest" time="8.879"/>
  <system-out/>
</testsuite> <!-- com.telran.tests.elements.ButtonsTests -->
